Filename: /Users/adamgulamhusein/Desktop/bci-essentials-python-abstract/examples/switch_offline_test.py

Line #    Mem usage    Increment  Occurrences   Line Contents
=============================================================
    17    404.0 MiB    404.0 MiB           1   @profile(stream=fp)
    18                                         def main():
    19                                             # Initialize data object
    20    404.0 MiB      0.0 MiB           1       test_switch = EEG_data()
    21                                         
    22                                             # Select a classifier
    23    404.0 MiB      0.0 MiB           1       test_switch.classifier = switch_classifier()
    24    407.3 MiB      3.3 MiB           1       test_switch.classifier.set_switch_classifier_settings(n_splits=2, rebuild=True, random_seed=35)
    25                                         
    26                                             # Select a file to run, use a file that you have locally 
    27    415.0 MiB      7.6 MiB           1       test_switch.load_offline_eeg_data(filename  = "examples/data/switch_example.xdf") 
    28                                         
    29                                             # Run it
    30    684.1 MiB    269.2 MiB           1       test_switch.main(online=False, training=True)
    31                                         
    32    684.1 MiB      0.0 MiB           1       print(f"Time consumed: {time.time() - start}")

Time consumed: 13.16765809059143 seconds
